<?xml version="1.0" encoding="UTF-8"?>
<!-- Generated by org.testng.reporters.JUnitReportReporter -->
<testsuite hostname="FM-LAPTOP" failures="0" tests="8" name="execution.TestExecution" time="196.373" errors="0" timestamp="2025-05-02T10:02:43 BDT" skipped="0">
  <testcase classname="execution.TestExecution" name="LoginFunctionality" time="9.700"/>
  <testcase classname="execution.TestExecution" name="LoginNegativeFunctionality" time="10.524"/>
  <testcase classname="execution.TestExecution" name="AddToCart" time="36.993"/>
  <testcase classname="execution.TestExecution" name="CheckoutProcess" time="37.074"/>
  <testcase classname="execution.TestExecution" name="SortingProducts" time="35.826"/>
  <testcase classname="execution.TestExecution" name="LogoutFunctionality" time="32.470"/>
  <testcase classname="execution.TestExecution" name="LockedOutUser" time="8.874"/>
  <testcase classname="execution.TestExecution" name="CartBadgeCount" time="24.912"/>
</testsuite> <!-- execution.TestExecution -->
